C51 COMPILER V9.60.0.0   KK                                                                06/25/2020 10:27:49 PAGE 1   


C51 COMPILER V9.60.0.0, COMPILATION OF MODULE KK
OBJECT MODULE PLACED IN .\Objects\kk.obj
COMPILER INVOKED BY: C:\Keil_v5\C51\BIN\C51.EXE kk.c OMF2 OPTIMIZE(8,SPEED) BROWSE DEBUG PRINT(.\Listings\kk.lst) TABS(2
                    -) OBJECT(.\Objects\kk.obj)

line level    source

   1          #include <REGX52.H>
   2          #define Led_ON  P0_0=0    
   3          #define Led_OFF P0_0=1 
   4          volatile unsigned char data okres;
   5          volatile unsigned char data ind;
   6          volatile unsigned char bdata znak;
   7          unsigned char bdata znak;
   8          sbit znak_3=znak^3;
   9          sbit znak_2=znak^2;
  10          sbit znak_1=znak^1;
  11          bit Nowy;
  12          
  13          /*
  14          E7 EB ED | 1 2 3
  15          D7 DB DD | 4 5 6
  16          B7 BB BD | 7 8 9
  17          77 7B 7D | X 0 #
  18          */
  19          
  20          void wait(void)
  21          {
  22   1        unsigned char data x,y;
  23   1        for(x=50;x>0;x--)
  24   1          for(y=50;y>0;y--){;}
  25   1      }
  26          
  27          unsigned char data ind=0;
  28          
  29          unsigned char Szukaj(unsigned char Value)
  30          { 
  31   1        unsigned char code Keys[] =  {0x7B,0xE7,0xEB,0xED,0xD7,0xDB, //tablica
  32   1                                       0xDD,0xB7,0xBB,0xBD,0x77,0x7D};//scankodów
  33   1        unsigned char code ASCII[] = {'0','1','2','3','4','5',       //tablica
  34   1                                       '6','7','8','9','*','#'};      //znaków ASCII
  35   1                                    
  36   1        unsigned char data ReturnValue = 0xFF;  // wartosc zwraca gdy blad
  37   1        unsigned char data numer=0;             // indeks poszukiwanego skankodu
  38   1          
  39   1        while((Keys[numer]!=Value)&(numer<0x0C)){numer++;} // poszukiwanie skankodu
  40   1        if(numer<0x0C)                                    // gdy znaleziono skankod                         
  41   1        {
  42   2         ReturnValue=ASCII[numer];
  43   2        }
  44   1        return ReturnValue;                     // zwroc wartosc ASCII od znaku
  45   1      }
  46          
  47          void Send(unsigned char Value)
  48          {
  49   1        P3_4=1;                 
  50   1          TI=0;                 
  51   1            SBUF=Szukaj(Value); 
  52   1            while(TI==0){;}     
  53   1          TI=0;               
  54   1        P3_4=0;                 
C51 COMPILER V9.60.0.0   KK                                                                06/25/2020 10:27:49 PAGE 2   

  55   1      }
  56          
  57          void wykonaj(unsigned char Value)
  58          {
  59   1        Send(Value);  
  60   1        Led_ON;
  61   1        wait();
  62   1        Led_OFF;
  63   1        Nowy=1;         
  64   1      }
  65          
  66          void Init(void)
  67          {
  68   1        P3_4=0;         
  69   1        okres=0x00;     
  70   1        ind=0x00;       
  71   1        Nowy=0;         
  72   1        SCON=0x40;      
  73   1        RCAP2H=TH2=0xFF;
  74   1        RCAP2L=TL2=0xDC;
  75   1        T2CON=0x10;     
  76   1        TMOD=0x20;      
  77   1        TH0=okres;      
  78   1        TL0=okres;
  79   1        ET1=1;          
  80   1        EA=1;           
  81   1        TR2=1;          
  82   1        TR1=1;          
  83   1      }
  84          void ISR_Serial(void) interrupt 4
  85           {
  86   1         if(RI==1) //odebrano znak
  87   1          {
  88   2            if(SBUF=='0'){Led_ON;}
  89   2            wait();
  90   2            Led_OFF;
  91   2            RI=0;
  92   2          }
  93   1       }
  94          
  95          void skan(void) interrupt 3
  96          {
  97   1        unsigned char code Tab[]={0xEF,0x7F,0xDF,0xBF};
  98   1        
  99   1        if(SBUF=='^'){
 100   2          Nowy=1;
 101   2        }
 102   1        else if(SBUF=='!'){
 103   2          Nowy=0;
 104   2        }
 105   1      
 106   1        TR1=0;
 107   1          P2=Tab[ind];
 108   1          znak=P2;
 109   1          if((znak_3 & znak_2 & znak_1)==0x00)
 110   1            {
 111   2              wykonaj(znak);
 112   2            }
 113   1            else
 114   1              {
 115   2                Nowy=0;
 116   2                if(ind < 0x03)
C51 COMPILER V9.60.0.0   KK                                                                06/25/2020 10:27:49 PAGE 3   

 117   2                  {
 118   3                    ind++;
 119   3                  }
 120   2                  else{ind=0;}
 121   2              }
 122   1        TH1=TL1=okres;                          
 123   1        TR1=1;
 124   1      }
 125          
 126          void main(void)
 127          {
 128   1        Init();
 129   1        while(1){;}
 130   1      }


MODULE INFORMATION:   STATIC OVERLAYABLE
   CODE SIZE        =    334    ----
   CONSTANT SIZE    =     28    ----
   XDATA SIZE       =   ----    ----
   PDATA SIZE       =   ----    ----
   DATA SIZE        =      3    ----
   IDATA SIZE       =   ----    ----
   BIT SIZE         =      1    ----
   EDATA SIZE       =   ----    ----
   HDATA SIZE       =   ----    ----
   XDATA CONST SIZE =   ----    ----
   FAR CONST SIZE   =   ----    ----
END OF MODULE INFORMATION.


C51 COMPILATION COMPLETE.  0 WARNING(S),  0 ERROR(S)
