C51 COMPILER V9.60.0.0   MOTOR                                                             06/25/2020 11:15:41 PAGE 1   


C51 COMPILER V9.60.0.0, COMPILATION OF MODULE MOTOR
OBJECT MODULE PLACED IN motor.OBJ
COMPILER INVOKED BY: C:\Keil_v5\C51\BIN\C51.EXE motor.c OMF2 OPTIMIZE(8,SPEED) BROWSE DEBUG TABS(2)

line level    source

   1          #include <REGX52.H>
   2          
   3          #define En1 P2_3
   4          #define En2 P2_4
   5          #define Start_Value 0x00 
   6          #define Stop_Value  0xFF
   7          
   8          volatile unsigned char data Suwak;
   9          volatile unsigned char data Nastawa;
  10          volatile unsigned char data Licznik;
  11          /*
  12          void Send(unsigned char Value)
  13           {
  14            P3_4=1;               // wejscie w nadawanie -> nadawanie danych
  15             TI=0;                // ustaw (zeruj) flage Transmin Interrupt
  16              SBUF=Value;         // wyjscie z nadawania ustawia flage TI na 1
  17              while(TI==0){;}     // czekaj az znak nie zostanie wyslany
  18             TI=0;                // kasuj (zeruj) flage Transmin Interrupt
  19            P3_4=0;               // wyjscie z nadawania -> odbieranie danych 
  20           }
  21          */
  22          void ISR_Timer1(void) interrupt 3
  23           {
  24   1         Suwak++;
  25   1         if(Suwak<Nastawa)
  26   1          {
  27   2            if(Nastawa==Start_Value){En1=En2=0;} else {En1=En2=1;}
  28   2          }
  29   1         else
  30   1          {
  31   2            if(Nastawa==Stop_Value){En1=En2=1;} else {En1=En2=0;}
  32   2          }
  33   1         if(Suwak==Stop_Value){Suwak=0x00;}
  34   1       }
  35          
  36          void ISR_Serial(void) interrupt 4
  37           {
  38   1         if(RI==1)
  39   1          {
  40   2            if(SBUF=='#')
  41   2             {
  42   3               if(Nastawa<Stop_Value) {Nastawa=Nastawa+25;}
  43   3             }
  44   2            if(SBUF=='*')
  45   2             {
  46   3               //Nastawa=0x00;
  47   3               P2_1 = ~P2_1;
  48   3               P2_2 = ~P2_2;
  49   3               
  50   3             } 
  51   2            if(SBUF=='!' || SBUF=='0'){Nastawa=0x00;}       // zatrzymanie silnika
  52   2            RI=0;
  53   2          }
  54   1       }
  55           
C51 COMPILER V9.60.0.0   MOTOR                                                             06/25/2020 11:15:41 PAGE 2   

  56          void ISR_INT1(void)  interrupt 2
  57           {
  58   1         ;
  59   1       }
  60          
  61          void Init(void)
  62           {
  63   1         P3_4=0; 
  64   1         Suwak=Start_Value;
  65   1         Nastawa=0x00;
  66   1         Licznik=0x00;
  67   1         P2=0xC3;         // 1100 0011
  68   1         SCON=0x50;       // inicjowanie portu szeregowego
  69   1         RCAP2H=TH2=0xFF; // predkosc transmisji 1200b/sec przy CLK=1.3824MHz 
  70   1         RCAP2L=TL2=0xDC; // predkosc transmisji 1200b/sec przy CLK=1.3824MHz 
  71   1         T2CON=0x30;      // Timer 2 wyznacza predkosc transmisji przez Serial
  72   1         RI=TI=0;         // gaszenie flag odbiornika i nadajnika
  73   1         ES=1;            // wlacz odbieranie danych przez IRQ
  74   1         TR2=1;           // wlacz Timer 2
  75   1         TCON=0x00;
  76   1         TMOD=0x20;
  77   1         TH1=TL1=0x80;
  78   1         ET1=1;
  79   1         IT1=1;
  80   1         EX1=1;
  81   1         EA=1;
  82   1         TR1=1;
  83   1       }
  84          
  85          void main(void)
  86           {
  87   1         Init();
  88   1         for(;;){;}
  89   1       }


MODULE INFORMATION:   STATIC OVERLAYABLE
   CODE SIZE        =    198    ----
   CONSTANT SIZE    =   ----    ----
   XDATA SIZE       =   ----    ----
   PDATA SIZE       =   ----    ----
   DATA SIZE        =      3    ----
   IDATA SIZE       =   ----    ----
   BIT SIZE         =   ----    ----
   EDATA SIZE       =   ----    ----
   HDATA SIZE       =   ----    ----
   XDATA CONST SIZE =   ----    ----
   FAR CONST SIZE   =   ----    ----
END OF MODULE INFORMATION.


C51 COMPILATION COMPLETE.  0 WARNING(S),  0 ERROR(S)
